{
  "stats": {
    "suites": 1,
    "tests": 3,
    "passes": 3,
    "pending": 0,
    "failures": 0,
    "start": "2021-07-22T19:30:45.214Z",
    "end": "2021-07-22T19:31:14.435Z",
    "duration": 29221,
    "testsRegistered": 3,
    "passPercent": 100,
    "pendingPercent": 0,
    "other": 0,
    "hasOther": false,
    "skipped": 0,
    "hasSkipped": false
  },
  "results": [
    {
      "uuid": "c51af5f8-2d86-483f-ac33-3d08cc342b74",
      "title": "",
      "fullFile": "cypress/integration/discourse.spec.js",
      "file": "cypress/integration/discourse.spec.js",
      "beforeHooks": [],
      "afterHooks": [],
      "tests": [],
      "suites": [
        {
          "uuid": "779dc6ea-689a-4799-890d-c5398edb9f49",
          "title": "Atividade de Automação 1",
          "fullFile": "",
          "file": "",
          "beforeHooks": [],
          "afterHooks": [],
          "tests": [
            {
              "title": "Imprimir o título de todos os tópicos fechados",
              "fullTitle": "Atividade de Automação 1 Imprimir o título de todos os tópicos fechados",
              "timedOut": null,
              "duration": 12886,
              "state": "passed",
              "speed": "slow",
              "pass": true,
              "fail": false,
              "pending": false,
              "context": null,
              "code": "cy.acessaValidaDemo();\ncy.window().scrollTo('bottom').as('scroll');\ncy.wait('@message');\ncy.wait('@json');\ncy.window('@scroll');\ncy.titulosFechados();",
              "err": {},
              "uuid": "651cd015-f3ae-4be6-9f22-fe0909a81853",
              "parentUUID": "779dc6ea-689a-4799-890d-c5398edb9f49",
              "isHook": false,
              "skipped": false
            },
            {
              "title": "Imprimir quantidade de itens de cada categoria e dos que não possui categoria",
              "fullTitle": "Atividade de Automação 1 Imprimir quantidade de itens de cada categoria e dos que não possui categoria",
              "timedOut": null,
              "duration": 8476,
              "state": "passed",
              "speed": "slow",
              "pass": true,
              "fail": false,
              "pending": false,
              "context": null,
              "code": "cy.acessaValidaDemo();\ncy.window().scrollTo('bottom').as('scroll');\ncy.wait('@json');\ncy.wait('@message');\ncy.window('@scroll');\nlet date = [];\ncy.get('[class=\"category-name\"]').each($el => {\n  date.push($el.text());\n});\ncy.arrayCategorias(date);\ncy.get('tr.category-uncategorized').its('length').as('semCategoria');",
              "err": {},
              "uuid": "53d6beb2-ac0e-46c8-b3d5-352960a23400",
              "parentUUID": "779dc6ea-689a-4799-890d-c5398edb9f49",
              "isHook": false,
              "skipped": false
            },
            {
              "title": " Imprimir o título do tópico que contém o maior número de views;",
              "fullTitle": "Atividade de Automação 1  Imprimir o título do tópico que contém o maior número de views;",
              "timedOut": null,
              "duration": 5775,
              "state": "passed",
              "speed": "slow",
              "pass": true,
              "fail": false,
              "pending": false,
              "context": null,
              "code": "cy.acessaValidaDemo();\ncy.window().scrollTo('bottom').as('scroll');\ncy.wait('@json');\ncy.wait('@message');\ncy.window('@scroll');\nlet views = [];\ncy.xpath('//td[@class=\"num views \"]//span[@class=\"number\"]').each($el => {\n  views.push($el.text());\n});\ncy.maiorNumeroDeViews(views);",
              "err": {},
              "uuid": "19c760af-0c08-42dd-aa42-08eb8c81e67d",
              "parentUUID": "779dc6ea-689a-4799-890d-c5398edb9f49",
              "isHook": false,
              "skipped": false
            }
          ],
          "suites": [],
          "passes": [
            "651cd015-f3ae-4be6-9f22-fe0909a81853",
            "53d6beb2-ac0e-46c8-b3d5-352960a23400",
            "19c760af-0c08-42dd-aa42-08eb8c81e67d"
          ],
          "failures": [],
          "pending": [],
          "skipped": [],
          "duration": 27137,
          "root": false,
          "rootEmpty": false,
          "_timeout": 2000
        }
      ],
      "passes": [],
      "failures": [],
      "pending": [],
      "skipped": [],
      "duration": 0,
      "root": true,
      "rootEmpty": true,
      "_timeout": 2000
    }
  ],
  "meta": {
    "mocha": {
      "version": "7.0.1"
    },
    "mochawesome": {
      "options": {
        "quiet": true,
        "reportFilename": "mochawesome",
        "saveHtml": false,
        "saveJson": true,
        "consoleReporter": "spec",
        "useInlineDiffs": false,
        "code": true
      },
      "version": "6.2.2"
    },
    "marge": {
      "options": {
        "id": "default",
        "reportDir": "mochawesome-report",
        "quiet": true,
        "overwrite": false,
        "html": false,
        "json": true
      },
      "version": "5.2.0"
    }
  }
}