{
  "stats": {
    "suites": 1,
    "tests": 1,
    "passes": 1,
    "pending": 0,
    "failures": 0,
    "start": "2021-07-22T20:15:55.439Z",
    "end": "2021-07-22T20:16:30.616Z",
    "duration": 35177,
    "testsRegistered": 1,
    "passPercent": 100,
    "pendingPercent": 0,
    "other": 0,
    "hasOther": false,
    "skipped": 0,
    "hasSkipped": false
  },
  "results": [
    {
      "uuid": "5525260c-3f6e-4cbd-8aa7-0b74e1309472",
      "title": "",
      "fullFile": "cypress/integration/cesarSchool.spec.js",
      "file": "cypress/integration/cesarSchool.spec.js",
      "beforeHooks": [],
      "afterHooks": [],
      "tests": [],
      "suites": [
        {
          "uuid": "0b334215-388a-4a92-b6a2-2b1eb051dcb6",
          "title": "Atividade de Automação 2",
          "fullFile": "",
          "file": "",
          "beforeHooks": [],
          "afterHooks": [],
          "tests": [
            {
              "title": "Capturar informações dos posts do blog",
              "fullTitle": "Atividade de Automação 2 Capturar informações dos posts do blog",
              "timedOut": null,
              "duration": 32017,
              "state": "passed",
              "speed": "slow",
              "pass": true,
              "fail": false,
              "pending": false,
              "context": null,
              "code": "cy.visit('https://www.cesar.school/');\ncy.get('.cc-ALLOW').click();\ncy.xpath(\"//span[text()='Blog']\").click({\n  force: true\n});\ncy.window().scrollTo('bottom');\ncy.get('.nav-links > :nth-child(2)').click();\ncy.url().should('include', 'page/2/');\ncy.wait('@page2');\ncy.wait('@send');\ncy.xpath(\"((//article)[2]//a)[3]\").invoke('text').then(titulo2 => {\n  cy.wrap(`Título do segundo post: ${titulo2}`);\n});\ncy.xpath(\"(//article)[2]//time[1]\").invoke('text').then(data2 => {\n  cy.wrap(`Data do segundo post: ${data2}`);\n});\ncy.xpath(\"((//article)[3]//a)[3]\").invoke('text').then(titulo3 => {\n  cy.wrap(`Título do terceito post: ${titulo3}`);\n});\ncy.xpath(\"(//span[@class='author-name'])[3]\").invoke('text').then(autor3 => {\n  cy.wrap(`Autor do terceito post: ${autor3}`);\n});\ncy.get('div.onde').invoke('text').then(endereco => {\n  cy.wrap(`Endereço do School: ${endereco}`);\n});",
              "err": {},
              "uuid": "55127eba-b141-4175-9cd0-632fee8f7aaf",
              "parentUUID": "0b334215-388a-4a92-b6a2-2b1eb051dcb6",
              "isHook": false,
              "skipped": false
            }
          ],
          "suites": [],
          "passes": [
            "55127eba-b141-4175-9cd0-632fee8f7aaf"
          ],
          "failures": [],
          "pending": [],
          "skipped": [],
          "duration": 32017,
          "root": false,
          "rootEmpty": false,
          "_timeout": 2000
        }
      ],
      "passes": [],
      "failures": [],
      "pending": [],
      "skipped": [],
      "duration": 0,
      "root": true,
      "rootEmpty": true,
      "_timeout": 2000
    }
  ],
  "meta": {
    "mocha": {
      "version": "7.0.1"
    },
    "mochawesome": {
      "options": {
        "quiet": true,
        "reportFilename": "mochawesome",
        "saveHtml": false,
        "saveJson": true,
        "consoleReporter": "spec",
        "useInlineDiffs": false,
        "code": true
      },
      "version": "6.2.2"
    },
    "marge": {
      "options": {
        "id": "default",
        "reportDir": "mochawesome-report",
        "quiet": true,
        "overwrite": false,
        "html": false,
        "json": true
      },
      "version": "5.2.0"
    }
  }
}