{
  "stats": {
    "suites": 1,
    "tests": 3,
    "passes": 3,
    "pending": 0,
    "failures": 0,
    "start": "2021-07-22T18:38:33.579Z",
    "end": "2021-07-22T18:38:58.669Z",
    "duration": 25090,
    "testsRegistered": 3,
    "passPercent": 100,
    "pendingPercent": 0,
    "other": 0,
    "hasOther": false,
    "skipped": 0,
    "hasSkipped": false
  },
  "results": [
    {
      "uuid": "176ae78b-7bcf-497d-bdfe-ca7b62a6e3ee",
      "title": "",
      "fullFile": "cypress/integration/discourse.spec.js",
      "file": "cypress/integration/discourse.spec.js",
      "beforeHooks": [],
      "afterHooks": [],
      "tests": [],
      "suites": [
        {
          "uuid": "dc1aa0d6-2ba8-4ffc-9d79-a18896966836",
          "title": "Atividade de Automação 1",
          "fullFile": "",
          "file": "",
          "beforeHooks": [],
          "afterHooks": [],
          "tests": [
            {
              "title": "Imprimir o título de todos os tópicos fechados",
              "fullTitle": "Atividade de Automação 1 Imprimir o título de todos os tópicos fechados",
              "timedOut": null,
              "duration": 9455,
              "state": "passed",
              "speed": "slow",
              "pass": true,
              "fail": false,
              "pending": false,
              "context": null,
              "code": "cy.acessaValidaDemo();\ncy.window().scrollTo('bottom').as('scroll');\ncy.wait('@message');\ncy.wait('@json');\ncy.window('@scroll');\ncy.titulosFechados();",
              "err": {},
              "uuid": "7e8c3519-dab2-4178-98de-0ee9f4cff7e2",
              "parentUUID": "dc1aa0d6-2ba8-4ffc-9d79-a18896966836",
              "isHook": false,
              "skipped": false
            },
            {
              "title": "Imprimir quantidade de itens de cada categoria e dos que não possui categoria",
              "fullTitle": "Atividade de Automação 1 Imprimir quantidade de itens de cada categoria e dos que não possui categoria",
              "timedOut": null,
              "duration": 7271,
              "state": "passed",
              "speed": "slow",
              "pass": true,
              "fail": false,
              "pending": false,
              "context": null,
              "code": "cy.acessaValidaDemo();\ncy.window().scrollTo('bottom').as('scroll');\ncy.wait('@json');\ncy.wait('@message');\ncy.window('@scroll');\nlet date = [];\ncy.get('[class=\"category-name\"]').each($el => {\n  date.push($el.text());\n});\ncy.arrayCategorias(date);\ncy.get('tr.category-uncategorized').its('length').as('semCategoria');",
              "err": {},
              "uuid": "d1f0e649-78e9-424c-ae1b-ac269aa735fa",
              "parentUUID": "dc1aa0d6-2ba8-4ffc-9d79-a18896966836",
              "isHook": false,
              "skipped": false
            },
            {
              "title": " Imprimir o título do tópico que contém o maior número de views;",
              "fullTitle": "Atividade de Automação 1  Imprimir o título do tópico que contém o maior número de views;",
              "timedOut": null,
              "duration": 5700,
              "state": "passed",
              "speed": "slow",
              "pass": true,
              "fail": false,
              "pending": false,
              "context": null,
              "code": "cy.acessaValidaDemo();\ncy.window().scrollTo('bottom').as('scroll');\ncy.wait('@json');\ncy.wait('@message');\ncy.window('@scroll');\nlet views = [];\ncy.xpath('//td[@class=\"num views \"]//span[@class=\"number\"]').each($el => {\n  views.push($el.text());\n});\ncy.maiorNumeroDeViews(views);",
              "err": {},
              "uuid": "9a9a9f26-b747-4394-bd8c-c21c39fdbedb",
              "parentUUID": "dc1aa0d6-2ba8-4ffc-9d79-a18896966836",
              "isHook": false,
              "skipped": false
            }
          ],
          "suites": [],
          "passes": [
            "7e8c3519-dab2-4178-98de-0ee9f4cff7e2",
            "d1f0e649-78e9-424c-ae1b-ac269aa735fa",
            "9a9a9f26-b747-4394-bd8c-c21c39fdbedb"
          ],
          "failures": [],
          "pending": [],
          "skipped": [],
          "duration": 22426,
          "root": false,
          "rootEmpty": false,
          "_timeout": 2000
        }
      ],
      "passes": [],
      "failures": [],
      "pending": [],
      "skipped": [],
      "duration": 0,
      "root": true,
      "rootEmpty": true,
      "_timeout": 2000
    }
  ],
  "meta": {
    "mocha": {
      "version": "7.0.1"
    },
    "mochawesome": {
      "options": {
        "quiet": true,
        "reportFilename": "mochawesome",
        "saveHtml": false,
        "saveJson": true,
        "consoleReporter": "spec",
        "useInlineDiffs": false,
        "code": true
      },
      "version": "6.2.2"
    },
    "marge": {
      "options": {
        "id": "default",
        "reportDir": "mochawesome-report",
        "quiet": true,
        "overwrite": false,
        "html": false,
        "json": true
      },
      "version": "5.2.0"
    }
  }
}